<?xml version="1.0" encoding="UTF-8"?>
<testng-results ignored="0" total="1" passed="1" failed="0" skipped="0">
  <reporter-output>
  </reporter-output>
  <suite started-at="2020-10-02T13:08:48 IST" name="Surefire suite" finished-at="2020-10-02T13:08:48 IST" duration-ms="130">
    <groups>
    </groups>
    <test started-at="2020-10-02T13:08:48 IST" name="Surefire test" finished-at="2020-10-02T13:08:48 IST" duration-ms="130">
      <class name="rahulshettyacademy.mavenjava.apiumTest">
        <test-method signature="shouldAnswerWithTrue()" started-at="2020-10-02T13:08:48 IST" name="shouldAnswerWithTrue" finished-at="2020-10-02T13:08:48 IST" duration-ms="30" status="PASS">
          <reporter-output>
          </reporter-output>
        </test-method> <!-- shouldAnswerWithTrue -->
      </class> <!-- rahulshettyacademy.mavenjava.apiumTest -->
    </test> <!-- Surefire test -->
  </suite> <!-- Surefire suite -->
</testng-results>
