<?xml version="1.0" encoding="UTF-8"?>
<!-- Generated by org.testng.reporters.JUnitXMLReporter -->
<testsuite ignored="0" hostname="DESKTOP-DRHVHRH" failures="0" tests="4" name="Surefire test" time="0.086" errors="0" timestamp="2020-10-02T13:08:47 IST">
  <testcase classname="rahulshettyacademy.mavenjava.restapiTest" name="postjira" time="0.007"/>
  <testcase classname="rahulshettyacademy.mavenjava.restapiTest" name="twitterdelete" time="0.002"/>
  <testcase classname="rahulshettyacademy.mavenjava.seleniumTest" name="Browserautomation" time="0.0"/>
  <testcase classname="rahulshettyacademy.mavenjava.seleniumTest" name="elementsuit" time="0.001"/>
</testsuite> <!-- Surefire test -->
