<?xml version="1.0" encoding="UTF-8"?>
<testng-results ignored="0" total="4" passed="4" failed="0" skipped="0">
  <reporter-output>
  </reporter-output>
  <suite started-at="2020-10-02T13:08:47 IST" name="Surefire suite" finished-at="2020-10-02T13:08:47 IST" duration-ms="86">
    <groups>
    </groups>
    <test started-at="2020-10-02T13:08:47 IST" name="Surefire test" finished-at="2020-10-02T13:08:47 IST" duration-ms="86">
      <class name="rahulshettyacademy.mavenjava.seleniumTest">
        <test-method signature="Browserautomation()[pri:0, instance:rahulshettyacademy.mavenjava.seleniumTest@ba8d91c]" started-at="2020-10-02T13:08:47 IST" name="Browserautomation" finished-at="2020-10-02T13:08:47 IST" duration-ms="0" status="PASS">
          <reporter-output>
          </reporter-output>
        </test-method> <!-- Browserautomation -->
        <test-method signature="elementsuit()[pri:0, instance:rahulshettyacademy.mavenjava.seleniumTest@ba8d91c]" started-at="2020-10-02T13:08:47 IST" name="elementsuit" finished-at="2020-10-02T13:08:47 IST" duration-ms="1" status="PASS">
          <reporter-output>
          </reporter-output>
        </test-method> <!-- elementsuit -->
      </class> <!-- rahulshettyacademy.mavenjava.seleniumTest -->
      <class name="rahulshettyacademy.mavenjava.restapiTest">
        <test-method signature="postjira()[pri:0, instance:rahulshettyacademy.mavenjava.restapiTest@70b0b186]" started-at="2020-10-02T13:08:47 IST" name="postjira" finished-at="2020-10-02T13:08:47 IST" duration-ms="7" status="PASS">
          <reporter-output>
          </reporter-output>
        </test-method> <!-- postjira -->
        <test-method signature="twitterdelete()[pri:0, instance:rahulshettyacademy.mavenjava.restapiTest@70b0b186]" started-at="2020-10-02T13:08:47 IST" name="twitterdelete" finished-at="2020-10-02T13:08:47 IST" duration-ms="2" status="PASS">
          <reporter-output>
          </reporter-output>
        </test-method> <!-- twitterdelete -->
      </class> <!-- rahulshettyacademy.mavenjava.restapiTest -->
    </test> <!-- Surefire test -->
  </suite> <!-- Surefire suite -->
</testng-results>
