<?xml version="1.0" encoding="UTF-8"?>
<!-- Generated by org.testng.reporters.JUnitXMLReporter -->
<testsuite ignored="0" hostname="DESKTOP-DRHVHRH" failures="0" tests="4" name="Test" time="0.076" errors="0" timestamp="2020-10-04T13:42:50 IST">
  <testcase classname="rahulshettyacademy.mavenjava.restapiTest" name="postjira" time="0.01"/>
  <testcase classname="rahulshettyacademy.mavenjava.restapiTest" name="twitterdelete" time="0.0"/>
  <testcase classname="rahulshettyacademy.mavenjava.seleniumTest" name="Browserautomation" time="0.001"/>
  <testcase classname="rahulshettyacademy.mavenjava.seleniumTest" name="elementsuit" time="0.001"/>
</testsuite> <!-- Test -->
