<?xml version="1.0" encoding="UTF-8"?>
<testng-results ignored="0" total="4" passed="4" failed="0" skipped="0">
  <reporter-output>
  </reporter-output>
  <suite started-at="2020-10-04T13:42:49 IST" name="Suite" finished-at="2020-10-04T13:42:49 IST" duration-ms="76">
    <groups>
    </groups>
    <test started-at="2020-10-04T13:42:49 IST" name="Test" finished-at="2020-10-04T13:42:49 IST" duration-ms="76">
      <class name="rahulshettyacademy.mavenjava.seleniumTest">
        <test-method signature="Browserautomation()[pri:0, instance:rahulshettyacademy.mavenjava.seleniumTest@36b4fe2a]" started-at="2020-10-04T13:42:49 IST" name="Browserautomation" finished-at="2020-10-04T13:42:49 IST" duration-ms="1" status="PASS">
          <reporter-output>
          </reporter-output>
        </test-method> <!-- Browserautomation -->
        <test-method signature="elementsuit()[pri:0, instance:rahulshettyacademy.mavenjava.seleniumTest@36b4fe2a]" started-at="2020-10-04T13:42:49 IST" name="elementsuit" finished-at="2020-10-04T13:42:49 IST" duration-ms="1" status="PASS">
          <reporter-output>
          </reporter-output>
        </test-method> <!-- elementsuit -->
      </class> <!-- rahulshettyacademy.mavenjava.seleniumTest -->
      <class name="rahulshettyacademy.mavenjava.restapiTest">
        <test-method signature="postjira()[pri:0, instance:rahulshettyacademy.mavenjava.restapiTest@757acd7b]" started-at="2020-10-04T13:42:49 IST" name="postjira" finished-at="2020-10-04T13:42:49 IST" duration-ms="10" status="PASS">
          <reporter-output>
          </reporter-output>
        </test-method> <!-- postjira -->
        <test-method signature="twitterdelete()[pri:0, instance:rahulshettyacademy.mavenjava.restapiTest@757acd7b]" started-at="2020-10-04T13:42:49 IST" name="twitterdelete" finished-at="2020-10-04T13:42:49 IST" duration-ms="0" status="PASS">
          <reporter-output>
          </reporter-output>
        </test-method> <!-- twitterdelete -->
      </class> <!-- rahulshettyacademy.mavenjava.restapiTest -->
    </test> <!-- Test -->
  </suite> <!-- Suite -->
</testng-results>
